{
  "stats": {
    "suites": 15,
    "tests": 23,
    "passes": 23,
    "pending": 0,
    "failures": 0,
    "start": "2024-07-01T10:48:40.469Z",
    "end": "2024-07-01T10:48:49.692Z",
    "duration": 9223,
    "testsRegistered": 23,
    "passPercent": 100,
    "pendingPercent": 0,
    "other": 0,
    "hasOther": false,
    "skipped": 0,
    "hasSkipped": false
  },
  "results": [
    {
      "uuid": "2689f7e2-457e-47e4-9bcf-767207a14a2b",
      "title": "",
      "fullFile": "",
      "file": "",
      "beforeHooks": [
        {
          "title": "\"before each\" hook: beforeEach in \"{root}\"",
          "fullTitle": "\"before each\" hook: beforeEach in \"{root}\"",
          "timedOut": false,
          "duration": 92,
          "state": null,
          "speed": null,
          "pass": false,
          "fail": false,
          "pending": false,
          "context": null,
          "code": "const response = await api.get('/restoreDB')\nexpect(response.statusCode).to.be.equal(201, `Assert failed on: ${JSON.stringify(response.body)}`)\nconsole.log(`This will be expected before each test: ${JSON.stringify(response.body)}`)",
          "err": {},
          "uuid": "c793295f-b04f-4c31-9a9f-85660947bce2",
          "parentUUID": "2689f7e2-457e-47e4-9bcf-767207a14a2b",
          "isHook": true,
          "skipped": false
        }
      ],
      "afterHooks": [],
      "tests": [],
      "suites": [
        {
          "uuid": "a90e70ba-334e-4711-be35-e56226f32a71",
          "title": "DELETE / articles",
          "fullFile": "C:\\Users\\edyta.majdziak\\Documents\\Project\\API\\REST_API_AUT_TEST_JS\\test\\articles\\delete-articles.spec.js",
          "file": "\\test\\articles\\delete-articles.spec.js",
          "beforeHooks": [],
          "afterHooks": [],
          "tests": [
            {
              "title": "should delete valid and existing articles",
              "fullTitle": "DELETE / articles should delete valid and existing articles",
              "timedOut": false,
              "duration": 252,
              "state": "passed",
              "speed": "slow",
              "pass": true,
              "fail": false,
              "pending": false,
              "context": null,
              "code": "//arrange:\n// const title = faker.lorem.paragraph({ min: 1, max: 3})\n// const body = faker.lorem.sentence()\n// const payload = {\n//         \"user_id\": 2,\n//         title,\n//         body,\n//         \"date\": \"2024-01-09\",\n//         \"image\": \".\\\\data\\\\images\\\\256\\\\andrew-svk-nQvFebPtqbw-unsplash.jpg\"\n// }\n// const responseAfterCreateArticle = await api.post(\"/articles\").send(payload)\n// expect(responseAfterCreateArticle.statusCode).to.be.equal(201, \n//     `Assert failed on: ${JSON.stringify(responseAfterCreateArticle.body)}`)\n\nconst articleId = 1\n//act:\nconst deleteCreatedArticle = await api.delete(`/articles/${articleId}`)\n//assert:\nexpect(deleteCreatedArticle.statusCode).to.be.equal(200, `Assert failed on: ${JSON.stringify(deleteCreatedArticle.body)}`)\nconst responseAfterDelete = await api.delete(`/articles/${articleId}`)\nexpect(responseAfterDelete.statusCode).to.be.equal(404, `Assert failed on: ${JSON.stringify(responseAfterDelete.statusCode)}`)",
              "err": {},
              "uuid": "83b82eb9-853b-4fca-ac64-1fd9147f5d0e",
              "parentUUID": "a90e70ba-334e-4711-be35-e56226f32a71",
              "isHook": false,
              "skipped": false
            }
          ],
          "suites": [],
          "passes": [
            "83b82eb9-853b-4fca-ac64-1fd9147f5d0e"
          ],
          "failures": [],
          "pending": [],
          "skipped": [],
          "duration": 252,
          "root": false,
          "rootEmpty": false,
          "_timeout": 2000
        },
        {
          "uuid": "2b291830-ea4a-4b69-8faa-b3290d70a51b",
          "title": "GET/articles",
          "fullFile": "C:\\Users\\edyta.majdziak\\Documents\\Project\\API\\REST_API_AUT_TEST_JS\\test\\articles\\get-articles.spec.js",
          "file": "\\test\\articles\\get-articles.spec.js",
          "beforeHooks": [],
          "afterHooks": [],
          "tests": [
            {
              "title": "should return status code 200 and more than 4 articles",
              "fullTitle": "GET/articles should return status code 200 and more than 4 articles",
              "timedOut": false,
              "duration": 159,
              "state": "passed",
              "speed": "slow",
              "pass": true,
              "fail": false,
              "pending": false,
              "context": null,
              "code": "//arrange:\nconst expectedStatusCode = 200\nconst expectedNumberOfArticlesID = 1\n//act:\nconst response = await api.get(\"/articles\")\n//assert:\nexpect(response.statusCode).to.be.equal(expectedStatusCode, `return status code: ${expectedStatusCode}`) \nexpect(response.body.length).to.be.greaterThanOrEqual(expectedNumberOfArticlesID, `return expected number od articles: ${expectedNumberOfArticlesID} `)",
              "err": {},
              "uuid": "6f3ed5b6-4696-445f-9762-e81881c05b4e",
              "parentUUID": "2b291830-ea4a-4b69-8faa-b3290d70a51b",
              "isHook": false,
              "skipped": false
            },
            {
              "title": "should return article ID with given number of article",
              "fullTitle": "GET/articles should return article ID with given number of article",
              "timedOut": false,
              "duration": 119,
              "state": "passed",
              "speed": "slow",
              "pass": true,
              "fail": false,
              "pending": false,
              "context": null,
              "code": "//arrange:\nconst expectedStatusCode = 200\nconst expectedNumberOfArticlesID = 1\nconst epxectedTitleOfArticle = \"The beauty of the sunset was obscured by the industrial cranes\"\n//act:\nconst response = await api.get(`/articles/${expectedNumberOfArticlesID}`)\n//assert:\nexpect(response.statusCode).to.be.equal(expectedStatusCode, `return status code: ${expectedStatusCode}`) \nexpect(response.body.id).to.be.greaterThanOrEqual(expectedNumberOfArticlesID, `return expected number od articles: ${expectedNumberOfArticlesID} `)\nexpect(response.body.title).to.be.equal(epxectedTitleOfArticle, `return expected title of article: ${epxectedTitleOfArticle}`)",
              "err": {},
              "uuid": "df7ff199-9f97-4cfc-a399-a93b482fdacc",
              "parentUUID": "2b291830-ea4a-4b69-8faa-b3290d70a51b",
              "isHook": false,
              "skipped": false
            },
            {
              "title": "should return article ID with given parameter from URL",
              "fullTitle": "GET/articles should return article ID with given parameter from URL",
              "timedOut": false,
              "duration": 170,
              "state": "passed",
              "speed": "slow",
              "pass": true,
              "fail": false,
              "pending": false,
              "context": null,
              "code": "//arrange:\nconst expectedStatusCode = 200\nconst expectedNumberOfArticlesID = 1\nconst epxectedTitleOfArticle = \"The beauty of the sunset was obscured by the industrial cranes\"\n//act:\nconst response = await api.get(`/articles?id=${expectedNumberOfArticlesID}`)\n//assert:\nexpect(response.statusCode).to.be.equal(expectedStatusCode, `return status code for GET/articles?id: ${expectedStatusCode}`)\nexpect(response.body[0].id).to.be.equal(expectedNumberOfArticlesID, `return article ID: ${expectedNumberOfArticlesID}, we received ${JSON.stringify(response.body)}`)\nexpect(response.body[0].title).to.be.equal(epxectedTitleOfArticle, `return expected title ${epxectedTitleOfArticle}`)",
              "err": {},
              "uuid": "3fd0fd8f-35a9-4319-9f08-8816150a321f",
              "parentUUID": "2b291830-ea4a-4b69-8faa-b3290d70a51b",
              "isHook": false,
              "skipped": false
            }
          ],
          "suites": [],
          "passes": [
            "6f3ed5b6-4696-445f-9762-e81881c05b4e",
            "df7ff199-9f97-4cfc-a399-a93b482fdacc",
            "3fd0fd8f-35a9-4319-9f08-8816150a321f"
          ],
          "failures": [],
          "pending": [],
          "skipped": [],
          "duration": 448,
          "root": false,
          "rootEmpty": false,
          "_timeout": 2000
        },
        {
          "uuid": "b214f143-ae75-4b7b-9fa0-9ff5ed6497f7",
          "title": "PATCH / articles",
          "fullFile": "C:\\Users\\edyta.majdziak\\Documents\\Project\\API\\REST_API_AUT_TEST_JS\\test\\articles\\patch-articles.spec.js",
          "file": "\\test\\articles\\patch-articles.spec.js",
          "beforeHooks": [],
          "afterHooks": [],
          "tests": [
            {
              "title": "should update valid article with valid title",
              "fullTitle": "PATCH / articles should update valid article with valid title",
              "timedOut": false,
              "duration": 397,
              "state": "passed",
              "speed": "slow",
              "pass": true,
              "fail": false,
              "pending": false,
              "context": null,
              "code": "//arrange:\nconst title = faker.lorem.paragraphs()\nconst id = 1\nconst payload = {\n    title,\n    id\n}\nconst responseWithBaseArticle = await api.get(`/articles/${id}`)\nconst expectedData = responseWithBaseArticle.body\nexpectedData.title = title\n//act:\nconst response = await api.patch(`/articles/${id}`).send(payload)\n\n//assert:\nexpect(response.statusCode).to.be.equal(200, `Assert faild on: ${JSON.stringify(response.body)}`)\nconst articleTitleAfter = await api.get(`/articles/${id}`)\nexpect(articleTitleAfter.body).to.be.deep.equal(expectedData)",
              "err": {},
              "uuid": "90015f73-4436-4b61-8940-31df4d04ff19",
              "parentUUID": "b214f143-ae75-4b7b-9fa0-9ff5ed6497f7",
              "isHook": false,
              "skipped": false
            }
          ],
          "suites": [],
          "passes": [
            "90015f73-4436-4b61-8940-31df4d04ff19"
          ],
          "failures": [],
          "pending": [],
          "skipped": [],
          "duration": 397,
          "root": false,
          "rootEmpty": false,
          "_timeout": 2000
        },
        {
          "uuid": "74e449ec-55f9-4b2a-b3ea-7c7a326d042a",
          "title": "POST/articles",
          "fullFile": "C:\\Users\\edyta.majdziak\\Documents\\Project\\API\\REST_API_AUT_TEST_JS\\test\\articles\\post-articles.spec.js",
          "file": "\\test\\articles\\post-articles.spec.js",
          "beforeHooks": [],
          "afterHooks": [],
          "tests": [
            {
              "title": "should create a new article",
              "fullTitle": "POST/articles should create a new article",
              "timedOut": false,
              "duration": 238,
              "state": "passed",
              "speed": "slow",
              "pass": true,
              "fail": false,
              "pending": false,
              "context": null,
              "code": "//arrange:\nconst expectedstatusCode = 201\nconst title = faker.lorem.paragraph({ min: 1, max: 3})\nconst body = faker.lorem.sentence()\nconst payload = {\n        \"user_id\": 2,\n        title,\n        body,\n        \"date\": \"2024-01-09\",\n        \"image\": \".\\\\data\\\\images\\\\256\\\\andrew-svk-nQvFebPtqbw-unsplash.jpg\"\n}\n//act:\nconst response = await api.post(\"/articles\").send(payload)\n//assert:\nexpect(response.statusCode).to.be.equal(expectedstatusCode, `expected status code is: ${expectedstatusCode} with actual ${response.body}`)\nconst newArticle = await api.get(`/articles/${response.body.id}`)\npayload.id = response.body.id\nexpect(newArticle.body).to.be.deep.equal(payload, `expected article ID: ${response.body.id}`)",
              "err": {},
              "uuid": "848de7ab-012e-474e-b8cf-38ac1c7e7831",
              "parentUUID": "74e449ec-55f9-4b2a-b3ea-7c7a326d042a",
              "isHook": false,
              "skipped": false
            }
          ],
          "suites": [
            {
              "uuid": "a300175e-1b98-4658-aa03-28d9dff41c0f",
              "title": "invalid empty fields",
              "fullFile": "C:\\Users\\edyta.majdziak\\Documents\\Project\\API\\REST_API_AUT_TEST_JS\\test\\articles\\post-articles.spec.js",
              "file": "\\test\\articles\\post-articles.spec.js",
              "beforeHooks": [],
              "afterHooks": [],
              "tests": [
                {
                  "title": "should not create article with empty: title",
                  "fullTitle": "POST/articles invalid empty fields should not create article with empty: title",
                  "timedOut": false,
                  "duration": 399,
                  "state": "passed",
                  "speed": "slow",
                  "pass": true,
                  "fail": false,
                  "pending": false,
                  "context": null,
                  "code": "// arrange:\nconst userId = 1\nconst title = faker.lorem.paragraph()\nconst body = faker.lorem.sentence()\nconst date = faker.date.recent()\nconst payload = {\n    userId,\n    title,\n    body,\n    date,\n}\n        \nconst getArticleBefore = await api.get(\"/articles\")\npayload[field] = \"\"\n        \n// act:\nconst response = await api.post(\"/articles\").send(payload)\n        \n// assert:\nexpect(response.statusCode).to.be.equal(422, `Assert failed on: ${JSON.stringify(response.body)} `)\nconst getArticleAfter = await api.get(\"/articles\")\nexpect(getArticleAfter.body.lenght).to.be.equal(getArticleBefore.body.lenght, \n    \"Number of articles after test does not match number of articles after test\")",
                  "err": {},
                  "uuid": "ab0ab29f-4994-45c1-8729-6859a73f64c4",
                  "parentUUID": "a300175e-1b98-4658-aa03-28d9dff41c0f",
                  "isHook": false,
                  "skipped": false
                },
                {
                  "title": "should not create article with empty: body",
                  "fullTitle": "POST/articles invalid empty fields should not create article with empty: body",
                  "timedOut": false,
                  "duration": 321,
                  "state": "passed",
                  "speed": "slow",
                  "pass": true,
                  "fail": false,
                  "pending": false,
                  "context": null,
                  "code": "// arrange:\nconst userId = 1\nconst title = faker.lorem.paragraph()\nconst body = faker.lorem.sentence()\nconst date = faker.date.recent()\nconst payload = {\n    userId,\n    title,\n    body,\n    date,\n}\n        \nconst getArticleBefore = await api.get(\"/articles\")\npayload[field] = \"\"\n        \n// act:\nconst response = await api.post(\"/articles\").send(payload)\n        \n// assert:\nexpect(response.statusCode).to.be.equal(422, `Assert failed on: ${JSON.stringify(response.body)} `)\nconst getArticleAfter = await api.get(\"/articles\")\nexpect(getArticleAfter.body.lenght).to.be.equal(getArticleBefore.body.lenght, \n    \"Number of articles after test does not match number of articles after test\")",
                  "err": {},
                  "uuid": "26b6f6ee-6282-4133-9e5f-c9316ce4d8e5",
                  "parentUUID": "a300175e-1b98-4658-aa03-28d9dff41c0f",
                  "isHook": false,
                  "skipped": false
                }
              ],
              "suites": [],
              "passes": [
                "ab0ab29f-4994-45c1-8729-6859a73f64c4",
                "26b6f6ee-6282-4133-9e5f-c9316ce4d8e5"
              ],
              "failures": [],
              "pending": [],
              "skipped": [],
              "duration": 720,
              "root": false,
              "rootEmpty": false,
              "_timeout": 2000
            }
          ],
          "passes": [
            "848de7ab-012e-474e-b8cf-38ac1c7e7831"
          ],
          "failures": [],
          "pending": [],
          "skipped": [],
          "duration": 238,
          "root": false,
          "rootEmpty": false,
          "_timeout": 2000
        },
        {
          "uuid": "f67b5634-67a4-4ed3-bc6e-af877db566f7",
          "title": "PUT/articles",
          "fullFile": "C:\\Users\\edyta.majdziak\\Documents\\Project\\API\\REST_API_AUT_TEST_JS\\test\\articles\\put-articles.spec.js",
          "file": "\\test\\articles\\put-articles.spec.js",
          "beforeHooks": [],
          "afterHooks": [],
          "tests": [
            {
              "title": "should update valid article with valid data",
              "fullTitle": "PUT/articles should update valid article with valid data",
              "timedOut": false,
              "duration": 222,
              "state": "passed",
              "speed": "slow",
              "pass": true,
              "fail": false,
              "pending": false,
              "context": null,
              "code": "// arrange:\nconst title = \"The beauty of the sunset was obscured by the industrial cranes\"\nconst body = faker.lorem.sentences(2)\nconst id = 1\nconst payload = {\n    body,\n    \"date\": \"2022-03-26\",\n    id,\n    \"image\": \".\\\\data\\\\images\\\\256\\\\andrew-svk-nQvFebPtqbw-unsplash.jpg\",\n    title,\n    \"user_id\": 1\n}\n//act:\nconst response = await api.put(`/articles/${id}`).send(payload)\n//assert:\nexpect(response.statusCode).to.be.equal(200, `Assert failed on: ${JSON.stringify(response.body)}`)\nconst getArticleId = await api.get(`/articles/${id}`) \nexpect(getArticleId.body).to.be.eql(payload, `Assertion failed during comparing expected ${JSON.stringify(payload)} \nwith actual ${JSON.stringify(getArticleId.body)}`)",
              "err": {},
              "uuid": "596212bc-5d3b-49bc-80a2-d6c8d921a32f",
              "parentUUID": "f67b5634-67a4-4ed3-bc6e-af877db566f7",
              "isHook": false,
              "skipped": false
            }
          ],
          "suites": [],
          "passes": [
            "596212bc-5d3b-49bc-80a2-d6c8d921a32f"
          ],
          "failures": [],
          "pending": [],
          "skipped": [],
          "duration": 222,
          "root": false,
          "rootEmpty": false,
          "_timeout": 2000
        },
        {
          "uuid": "21fecb7a-3437-429f-b9c0-5e6568ddf5c1",
          "title": "POST / comments",
          "fullFile": "C:\\Users\\edyta.majdziak\\Documents\\Project\\API\\REST_API_AUT_TEST_JS\\test\\comments\\post-comments.spec.js",
          "file": "\\test\\comments\\post-comments.spec.js",
          "beforeHooks": [],
          "afterHooks": [],
          "tests": [
            {
              "title": "should not create comment because invalid authorization",
              "fullTitle": "POST / comments should not create comment because invalid authorization",
              "timedOut": false,
              "duration": 373,
              "state": "passed",
              "speed": "slow",
              "pass": true,
              "fail": false,
              "pending": false,
              "context": null,
              "code": "// Arrange\nconst payload = {\n        \"article_id\": 1,\n        \"user_id\": 1,\n        \"body\": \"string\",\n        \"date\": \"2024-04-25\"\n      }\nconst headers = {\n    \"authorization\": \"Basic test5\" \n}\nconst responseBeforeCreation = await api.get(\"/comments\")\n// Act\nconst response = await api.post(\"/comments\").set(headers).send(payload)\n// Assert\nexpect(response.statusCode).to.be.equal(403, `Assert failed on ${JSON.stringify(response.body)}`)\nconst responseAfterCreation = await api.get(\"/comments\")\nexpect(responseAfterCreation.body.length).to.be.equal(responseBeforeCreation.body.length, \n    \"Number of comments after attempt of creation does not match expected number of comments\")",
              "err": {},
              "uuid": "1840bca5-4d08-4d49-a2d4-18b4c0117be6",
              "parentUUID": "21fecb7a-3437-429f-b9c0-5e6568ddf5c1",
              "isHook": false,
              "skipped": false
            },
            {
              "title": "should create comment after valid authorization",
              "fullTitle": "POST / comments should create comment after valid authorization",
              "timedOut": false,
              "duration": 350,
              "state": "passed",
              "speed": "slow",
              "pass": true,
              "fail": false,
              "pending": false,
              "context": null,
              "code": "// Arrange\nconst userId = 1\nconst payload = {\n        \"article_id\": 1,\n        \"user_id\": userId,\n        \"body\": faker.lorem.paragraphs( { min: 4, max: 10 }),\n        \"date\": new Date().toISOString().split('T')[0]\n}\nconst responseWithUser = await api.get(`/users/${userId}`)\nconst userEmail = responseWithUser.body.email\nconst userPass = responseWithUser.body.password\nconst userEmailAndPass = `${userEmail}:${userPass}`\nconst userEmailAndPassBasic64 = Buffer.from(userEmailAndPass, 'utf-8').toString('base64')\nconst headers = {\n    \"authorization\": `Basic ${userEmailAndPassBasic64}` \n}\nconsole.log(userEmailAndPassBasic64)\nconsole.log(headers)\n    \n// Act\n    \nconst response = await api.post(\"/comments\").set(headers).send(payload)\n    \n// Assert\nexpect(response.statusCode).to.be.equal(201, `Assert failed on ${JSON.stringify(response.body)}`)\nconst responseAfterCreation = await api.get(`/comments/${response.body.id}`)\npayload.id = response.body.id\nexpect(responseAfterCreation.body).to.be.deep.equal(payload, \n    \"Comment content does not match expected content\")",
              "err": {},
              "uuid": "c36f76ee-fdea-44d0-9b5d-7a572a35ee6a",
              "parentUUID": "21fecb7a-3437-429f-b9c0-5e6568ddf5c1",
              "isHook": false,
              "skipped": false
            }
          ],
          "suites": [],
          "passes": [
            "1840bca5-4d08-4d49-a2d4-18b4c0117be6",
            "c36f76ee-fdea-44d0-9b5d-7a572a35ee6a"
          ],
          "failures": [],
          "pending": [],
          "skipped": [],
          "duration": 723,
          "root": false,
          "rootEmpty": false,
          "_timeout": 2000
        },
        {
          "uuid": "42c33da7-2bce-4c6b-a294-72d8ec33b148",
          "title": "PUT / comments",
          "fullFile": "C:\\Users\\edyta.majdziak\\Documents\\Project\\API\\REST_API_AUT_TEST_JS\\test\\comments\\put-comments.spec.js",
          "file": "\\test\\comments\\put-comments.spec.js",
          "beforeHooks": [],
          "afterHooks": [],
          "tests": [
            {
              "title": "Should update comment with valid date",
              "fullTitle": "PUT / comments Should update comment with valid date",
              "timedOut": false,
              "duration": 337,
              "state": "passed",
              "speed": "slow",
              "pass": true,
              "fail": false,
              "pending": false,
              "context": null,
              "code": "//Arrange\n\nconst userId = 3    \nconst commentId = 1\nconst payload = {\n        \"article_id\": 1,\n        \"user_id\": userId,\n        \"body\": faker.lorem.paragraphs(4),\n        \"date\": new Date().toISOString().split(\"T\")[0]\n      \n}\nconst responseWithUserId = await api.get(`/users/${userId}`)\nconst userEmail = responseWithUserId.body.email \nconst userPass = responseWithUserId.body.password\nconst userEmailAndPass = `${userEmail}:${userPass}`\nconst userEmailAndPassBase64 = Buffer.from(userEmailAndPass, 'utf-8').toString('base64')\n\nconst header = {\n    \"authorization\": `Basic ${userEmailAndPassBase64}`\n}\n//Act\nconst response = await api.put(`/comments/${commentId}`).set(header).send(payload)\n\n//Assert\nexpect(response.statusCode).to.be.equal(200,\n    `Assert failed on: ${JSON.stringify(response.body)}`)\nconst responseAfterCreation = await api.get(`/comments/${commentId}`)\npayload.id = commentId\nexpect(responseAfterCreation.body).to.be.deep.equal(payload,\n    \"Comment content does not match expected content\")",
              "err": {},
              "uuid": "d4c1f5d7-b602-473d-9756-146f058471d7",
              "parentUUID": "42c33da7-2bce-4c6b-a294-72d8ec33b148",
              "isHook": false,
              "skipped": false
            }
          ],
          "suites": [],
          "passes": [
            "d4c1f5d7-b602-473d-9756-146f058471d7"
          ],
          "failures": [],
          "pending": [],
          "skipped": [],
          "duration": 337,
          "root": false,
          "rootEmpty": false,
          "_timeout": 2000
        },
        {
          "uuid": "54e19a6f-adef-4162-810f-d565e324ad04",
          "title": "GET / plugins",
          "fullFile": "C:\\Users\\edyta.majdziak\\Documents\\Project\\API\\REST_API_AUT_TEST_JS\\test\\plugins\\get-plugins.spec.js",
          "file": "\\test\\plugins\\get-plugins.spec.js",
          "beforeHooks": [],
          "afterHooks": [],
          "tests": [
            {
              "title": "Should not get list of plugins because of invalid authorization",
              "fullTitle": "GET / plugins Should not get list of plugins because of invalid authorization",
              "timedOut": false,
              "duration": 98,
              "state": "passed",
              "speed": "slow",
              "pass": true,
              "fail": false,
              "pending": false,
              "context": null,
              "code": "//arrange\nconst headers = {\n    \"authorization\": \"1234\"\n}\n//act\nconst response = await apiV2.get(\"/plugins\").set(headers)\n//assert\nexpect(response.statusCode).to.be.equal(401, `Assert faild on: ${JSON.stringify(response.body)}`)",
              "err": {},
              "uuid": "0adfb39b-c17f-4d80-9702-a987fd357021",
              "parentUUID": "54e19a6f-adef-4162-810f-d565e324ad04",
              "isHook": false,
              "skipped": false
            },
            {
              "title": "Should get list of plugins after authorization",
              "fullTitle": "GET / plugins Should get list of plugins after authorization",
              "timedOut": false,
              "duration": 215,
              "state": "passed",
              "speed": "slow",
              "pass": true,
              "fail": false,
              "pending": false,
              "context": null,
              "code": "//arrange\nconst payload = {\n    \"email\": \"John.Doe@test.test.ca\",\n    \"password\": \"1234\"\n  }\n  \nconst tokenResponse = await apiV2.post(\"/login\").send(payload)\nconst token = tokenResponse.body.access_token\nconst headers = {\n    \"authorization\": `Bearer ${token}`\n}\n//act\nconst response = await apiV2.get(\"/plugins\").set(headers)\n//assert\nexpect(response.statusCode).to.be.equal(200, `Assert failed on: ${JSON.stringify(response.body)}`)",
              "err": {},
              "uuid": "0ccc14c9-4eee-47f5-9bea-06dc7aeb2b7e",
              "parentUUID": "54e19a6f-adef-4162-810f-d565e324ad04",
              "isHook": false,
              "skipped": false
            }
          ],
          "suites": [],
          "passes": [
            "0adfb39b-c17f-4d80-9702-a987fd357021",
            "0ccc14c9-4eee-47f5-9bea-06dc7aeb2b7e"
          ],
          "failures": [],
          "pending": [],
          "skipped": [],
          "duration": 313,
          "root": false,
          "rootEmpty": false,
          "_timeout": 2000
        },
        {
          "uuid": "0d0cc04d-a34c-46c5-8629-51daf096f1a4",
          "title": "DELETE / users",
          "fullFile": "C:\\Users\\edyta.majdziak\\Documents\\Project\\API\\REST_API_AUT_TEST_JS\\test\\users\\delete-users.spec.js",
          "file": "\\test\\users\\delete-users.spec.js",
          "beforeHooks": [],
          "afterHooks": [],
          "tests": [
            {
              "title": "should delete valid and existing user",
              "fullTitle": "DELETE / users should delete valid and existing user",
              "timedOut": false,
              "duration": 369,
              "state": "passed",
              "speed": "slow",
              "pass": true,
              "fail": false,
              "pending": false,
              "context": null,
              "code": "//arrange:\nconst firstname = faker.person.firstName()\nconst lastname = faker.person.lastName()\nconst email = faker.internet.email({ firstname, lastname, provider: \"test@test.test\" })\nconst password = faker.internet.password()\nconst payload = {\n    email,\n    firstname,\n    lastname,\n    password,\n    \"avatar\": \".\\\\data\\\\users\\\\face_1591133479.7144732.jpg\"\n}\n\nconst responseAfterUserCreation = await api.post(\"/users\").send(payload)\nexpect(responseAfterUserCreation.statusCode).to.be.equal(201, \n    `Assert failed on: ${JSON.stringify(responseAfterUserCreation.body)}`)\nconst userId = responseAfterUserCreation.body.id\n//act:\nconst response = await api.delete(`/users/${userId}`)\n//assert:\nexpect(response.statusCode).to.be.equal(200, `Assert failed on: ${JSON.stringify(response.body)}`)\nconst responseAfterDelete = await api.delete(`/users/${userId}`)\nexpect(responseAfterDelete.statusCode).to.be.equal(404, `Assert failed on: ${JSON.stringify(responseAfterDelete.statusCode)}`)",
              "err": {},
              "uuid": "2ce5781a-c312-4bd7-8b77-5e2b590d2160",
              "parentUUID": "0d0cc04d-a34c-46c5-8629-51daf096f1a4",
              "isHook": false,
              "skipped": false
            }
          ],
          "suites": [],
          "passes": [
            "2ce5781a-c312-4bd7-8b77-5e2b590d2160"
          ],
          "failures": [],
          "pending": [],
          "skipped": [],
          "duration": 369,
          "root": false,
          "rootEmpty": false,
          "_timeout": 2000
        },
        {
          "uuid": "947db9eb-fc34-4adf-8c24-27b3d25411da",
          "title": "GET/users",
          "fullFile": "C:\\Users\\edyta.majdziak\\Documents\\Project\\API\\REST_API_AUT_TEST_JS\\test\\users\\get-users.spec.js",
          "file": "\\test\\users\\get-users.spec.js",
          "beforeHooks": [],
          "afterHooks": [],
          "tests": [
            {
              "title": "should return status code 200 and more than four users",
              "fullTitle": "GET/users should return status code 200 and more than four users",
              "timedOut": false,
              "duration": 125,
              "state": "passed",
              "speed": "slow",
              "pass": true,
              "fail": false,
              "pending": false,
              "context": null,
              "code": "//arrange:\nconst expectedStatusCode = 200\nconst expectedNumberOfUsers = 9\n//act:\nconst response = await api.get(\"/users\")\n//assert:\nexpect(response.statusCode).to.be.equal(expectedStatusCode, `For GET users we expected status code: ${expectedStatusCode}`)\nexpect(response.body.length).to.be.equal(expectedNumberOfUsers)",
              "err": {},
              "uuid": "d31caacb-9f39-4c90-9f38-f507f76a1664",
              "parentUUID": "947db9eb-fc34-4adf-8c24-27b3d25411da",
              "isHook": false,
              "skipped": false
            },
            {
              "title": "should return user with given ID",
              "fullTitle": "GET/users should return user with given ID",
              "timedOut": false,
              "duration": 119,
              "state": "passed",
              "speed": "slow",
              "pass": true,
              "fail": false,
              "pending": false,
              "context": null,
              "code": "//arrange:\nconst expectedStatusCode = 200\nconst expectedUserID = 1\n//act:\nconst response = await api.get(`/users/${expectedUserID}`)\n//assert:\nexpect(response.statusCode).to.be.equal(expectedStatusCode, `For GET /userID we expect status code: ${expectedStatusCode}`)\nexpect(response.body.id).to.be.equal\n(expectedUserID, `expect id number ${expectedUserID} we received: ${JSON.stringify(response.body)}`)",
              "err": {},
              "uuid": "bcba775f-129e-48e1-bc01-6568b84e48e9",
              "parentUUID": "947db9eb-fc34-4adf-8c24-27b3d25411da",
              "isHook": false,
              "skipped": false
            },
            {
              "title": "should return list of users with given ID using parameters in URL",
              "fullTitle": "GET/users should return list of users with given ID using parameters in URL",
              "timedOut": false,
              "duration": 111,
              "state": "passed",
              "speed": "slow",
              "pass": true,
              "fail": false,
              "pending": false,
              "context": null,
              "code": "//arrange:\nconst expectedStatusCode = 200\nconst expectedUserID = 1\n//act:\nconst response = await api.get(`/users?id=${expectedUserID}`)\n//assert:\nexpect(response.statusCode).to.be.equal(expectedStatusCode, `expect status code ${expectedStatusCode}`)\nexpect(response.body.length).to.be.equal(1, `For parameter ?id=${expectedUserID}, we received: ${JSON.stringify(response.body)}`)\nexpect(response.body[0].id).to.be.equal(expectedUserID, `expect user ?id=: ${expectedUserID} we receive: ${JSON.stringify(response.body)}`)",
              "err": {},
              "uuid": "07c9bd18-0d91-450b-b13b-6b3592ba53a5",
              "parentUUID": "947db9eb-fc34-4adf-8c24-27b3d25411da",
              "isHook": false,
              "skipped": false
            }
          ],
          "suites": [],
          "passes": [
            "d31caacb-9f39-4c90-9f38-f507f76a1664",
            "bcba775f-129e-48e1-bc01-6568b84e48e9",
            "07c9bd18-0d91-450b-b13b-6b3592ba53a5"
          ],
          "failures": [],
          "pending": [],
          "skipped": [],
          "duration": 355,
          "root": false,
          "rootEmpty": false,
          "_timeout": 2000
        },
        {
          "uuid": "45faab0a-3aff-4a40-81aa-a5598171889a",
          "title": "PATCH/users",
          "fullFile": "C:\\Users\\edyta.majdziak\\Documents\\Project\\API\\REST_API_AUT_TEST_JS\\test\\users\\patch-users.spec.js",
          "file": "\\test\\users\\patch-users.spec.js",
          "beforeHooks": [],
          "afterHooks": [],
          "tests": [
            {
              "title": "should update valid user witch valid email",
              "fullTitle": "PATCH/users should update valid user witch valid email",
              "timedOut": false,
              "duration": 425,
              "state": "passed",
              "speed": "slow",
              "pass": true,
              "fail": false,
              "pending": false,
              "context": null,
              "code": "//arrange:\nconst email = faker.internet.email()\nconst payload = {\n    email\n}\nconst userId = 3\n//act:\nconst response = await api.patch(`/users/${userId}`).send(payload)\nconst responseWithBaseUser = await api.get(`/users/${userId}`) \nconst expectedData = responseWithBaseUser.body\nexpectedData.email = email\n//assert:\nexpect(response.statusCode).to.be.equal(200, `Assert failed on: ${JSON.stringify(response.body)}`)\nconst takeUserBody = await api.get(`/users/${userId}`)\nexpect(takeUserBody.body).to.be.deep.equal(expectedData, \n    `Assertion faild with during comparing expected ${JSON.stringify(expectedData)} with current ${takeUserBody.body}`)",
              "err": {},
              "uuid": "fe1d18bb-8043-4ea7-98c0-e41f5619c601",
              "parentUUID": "45faab0a-3aff-4a40-81aa-a5598171889a",
              "isHook": false,
              "skipped": false
            }
          ],
          "suites": [],
          "passes": [
            "fe1d18bb-8043-4ea7-98c0-e41f5619c601"
          ],
          "failures": [],
          "pending": [],
          "skipped": [],
          "duration": 425,
          "root": false,
          "rootEmpty": false,
          "_timeout": 2000
        },
        {
          "uuid": "f1c16b8d-975c-463f-9c1e-4322b9198357",
          "title": "POST/users",
          "fullFile": "C:\\Users\\edyta.majdziak\\Documents\\Project\\API\\REST_API_AUT_TEST_JS\\test\\users\\post-users.spec.js",
          "file": "\\test\\users\\post-users.spec.js",
          "beforeHooks": [],
          "afterHooks": [],
          "tests": [
            {
              "title": "should create valid and unique user",
              "fullTitle": "POST/users should create valid and unique user",
              "timedOut": false,
              "duration": 228,
              "state": "passed",
              "speed": "slow",
              "pass": true,
              "fail": false,
              "pending": false,
              "context": null,
              "code": "//arrange:\nconst firstname = faker.person.firstName()\nconst lastname = faker.person.lastName()\nconst email = faker.internet.email({ firstname, lastname, provider: \"test.test.pl\" })\nconst password = faker.internet.password()\nconst payload = {\n        email,\n        firstname,\n        lastname,\n        password,\n        \"avatar\": \".\\\\data\\\\users\\\\face_1591133479.7144732.jpg\"\n}\n//act:\nconst response = await api.post(\"/users\").send(payload)\n//assert:\nexpect(response.statusCode).to.be.equal(201, `Assert failed on: ${JSON.stringify(response.body)}`)\nconst responseWithUser = await api.get(`/users/${response.body.id}`)\npayload.id = response.body.id\nexpect(responseWithUser.body).to.be.deep.equal(payload, `Assertion failed during comparing expected ${payload} with actual ${response.body}`)\nexpect(responseWithUser.body).to.be.eql(payload, `Assertion failed during comparing expected ${payload} with actual ${response.body}`)",
              "err": {},
              "uuid": "bd30f21c-dca4-4317-a037-3f44b266134b",
              "parentUUID": "f1c16b8d-975c-463f-9c1e-4322b9198357",
              "isHook": false,
              "skipped": false
            }
          ],
          "suites": [
            {
              "uuid": "5e1337d0-03be-44b0-9343-4201ba980a38",
              "title": "invalid empty fields",
              "fullFile": "C:\\Users\\edyta.majdziak\\Documents\\Project\\API\\REST_API_AUT_TEST_JS\\test\\users\\post-users.spec.js",
              "file": "\\test\\users\\post-users.spec.js",
              "beforeHooks": [],
              "afterHooks": [],
              "tests": [
                {
                  "title": "should not create user with empty: email",
                  "fullTitle": "POST/users invalid empty fields should not create user with empty: email",
                  "timedOut": false,
                  "duration": 336,
                  "state": "passed",
                  "speed": "slow",
                  "pass": true,
                  "fail": false,
                  "pending": false,
                  "context": null,
                  "code": "// arange:\nconst firstName = faker.person.firstName()\nconst lastName = faker.person.lastName()\nconst email = faker.internet.email({ firstName, lastName, provider: \"test@test.pl\" })\nconst password = faker.internet.password()\nconst payload = {\n    email,\n    firstName,\n    lastName,\n    password,\n    'avatar': \".\\\\data\\\\users\\\\face_1591133479.7144732.jpg\"\n}\n        \nconst getAllNumberOfUsers = await api.get(\"/users\")\npayload[field] = \"\"\n        \n// act:\nconst response = await api.post(\"/users\"). send(payload)\n        \n// assert:\nexpect(response.statusCode).to.be.equal(422, `Assert failed on ${JSON.stringify(response.body)}`)\nconst getUsersAfter = await api.get(\"/users\")\nexpect(getUsersAfter.body.lenght).to.be.equal(getAllNumberOfUsers.body.lenght, \n    \"Number of users before test does not match number of users after test\")",
                  "err": {},
                  "uuid": "18c54242-e2d5-42f8-bd59-f1692603ff46",
                  "parentUUID": "5e1337d0-03be-44b0-9343-4201ba980a38",
                  "isHook": false,
                  "skipped": false
                },
                {
                  "title": "should not create user with empty: firstName",
                  "fullTitle": "POST/users invalid empty fields should not create user with empty: firstName",
                  "timedOut": false,
                  "duration": 333,
                  "state": "passed",
                  "speed": "slow",
                  "pass": true,
                  "fail": false,
                  "pending": false,
                  "context": null,
                  "code": "// arange:\nconst firstName = faker.person.firstName()\nconst lastName = faker.person.lastName()\nconst email = faker.internet.email({ firstName, lastName, provider: \"test@test.pl\" })\nconst password = faker.internet.password()\nconst payload = {\n    email,\n    firstName,\n    lastName,\n    password,\n    'avatar': \".\\\\data\\\\users\\\\face_1591133479.7144732.jpg\"\n}\n        \nconst getAllNumberOfUsers = await api.get(\"/users\")\npayload[field] = \"\"\n        \n// act:\nconst response = await api.post(\"/users\"). send(payload)\n        \n// assert:\nexpect(response.statusCode).to.be.equal(422, `Assert failed on ${JSON.stringify(response.body)}`)\nconst getUsersAfter = await api.get(\"/users\")\nexpect(getUsersAfter.body.lenght).to.be.equal(getAllNumberOfUsers.body.lenght, \n    \"Number of users before test does not match number of users after test\")",
                  "err": {},
                  "uuid": "87466647-5e40-49fd-8412-6c80346e3f88",
                  "parentUUID": "5e1337d0-03be-44b0-9343-4201ba980a38",
                  "isHook": false,
                  "skipped": false
                }
              ],
              "suites": [],
              "passes": [
                "18c54242-e2d5-42f8-bd59-f1692603ff46",
                "87466647-5e40-49fd-8412-6c80346e3f88"
              ],
              "failures": [],
              "pending": [],
              "skipped": [],
              "duration": 669,
              "root": false,
              "rootEmpty": false,
              "_timeout": 2000
            }
          ],
          "passes": [
            "bd30f21c-dca4-4317-a037-3f44b266134b"
          ],
          "failures": [],
          "pending": [],
          "skipped": [],
          "duration": 228,
          "root": false,
          "rootEmpty": false,
          "_timeout": 2000
        },
        {
          "uuid": "5bc94b9a-c9f4-42cc-9d14-f8b3d79a3636",
          "title": "PUT/users",
          "fullFile": "C:\\Users\\edyta.majdziak\\Documents\\Project\\API\\REST_API_AUT_TEST_JS\\test\\users\\put-users.spec.js",
          "file": "\\test\\users\\put-users.spec.js",
          "beforeHooks": [],
          "afterHooks": [],
          "tests": [
            {
              "title": "should update valid user",
              "fullTitle": "PUT/users should update valid user",
              "timedOut": false,
              "duration": 302,
              "state": "passed",
              "speed": "slow",
              "pass": true,
              "fail": false,
              "pending": false,
              "context": null,
              "code": "//arrange:\nconst firstname = faker.person.firstName()\nconst lastname = faker.person.lastName()\nconst email = faker.internet.email({ firstname, lastname, provider: \"test.test.pl\" })\nconst password = faker.internet.password()\nconst payload = {\n        email,\n        firstname,\n        lastname,\n        password,\n        \"avatar\": faker.lorem.sentence()\n}\nconst userId = 2\n//act:\nconst response = await api.put(`/users/${userId}`).send(payload)\n \n//assert\nexpect(response.statusCode).to.be.equal(200, `Assert failed on: ${JSON.stringify(response.body)}`)\nconst responseWithUser = await api.get(`/users/${userId}`)\npayload.id = userId\nexpect(responseWithUser.body).to.be.deep.equal(payload, `Assertion failed during comparing expected ${JSON.stringify(response.body)}`)",
              "err": {},
              "uuid": "d7cbb44a-94fb-495c-8acf-09b8436cf3ee",
              "parentUUID": "5bc94b9a-c9f4-42cc-9d14-f8b3d79a3636",
              "isHook": false,
              "skipped": false
            }
          ],
          "suites": [],
          "passes": [
            "d7cbb44a-94fb-495c-8acf-09b8436cf3ee"
          ],
          "failures": [],
          "pending": [],
          "skipped": [],
          "duration": 302,
          "root": false,
          "rootEmpty": false,
          "_timeout": 2000
        }
      ],
      "passes": [],
      "failures": [],
      "pending": [],
      "skipped": [],
      "duration": 0,
      "root": true,
      "rootEmpty": true,
      "_timeout": 2000
    }
  ],
  "meta": {
    "mocha": {
      "version": "10.2.0"
    },
    "mochawesome": {
      "options": {
        "quiet": false,
        "reportFilename": "mochawesome",
        "saveHtml": true,
        "saveJson": true,
        "consoleReporter": "spec",
        "useInlineDiffs": false,
        "code": true
      },
      "version": "7.1.3"
    },
    "marge": {
      "options": {
        "overwrite": "true",
        "reportTitle": "My Custom Title",
        "showPassed": "false"
      },
      "version": "6.2.0"
    }
  }
}